<?xml version="1.0" encoding="UTF-8"?>
<!-- Generated by org.testng.reporters.JUnitReportReporter -->
<testsuite skipped="0" hostname="florin" name="getRequest.GetData" tests="2" failures="0" timestamp="13 Nov 2017 17:39:06 GMT" time="1.065" errors="0">
  <testcase name="testBody" time="0.983" classname="getRequest.GetData"/>
  <testcase name="testResponseCode" time="0.082" classname="getRequest.GetData"/>
</testsuite> <!-- getRequest.GetData -->
