<?xml version="1.0" encoding="UTF-8"?>
<!-- Generated by org.testng.reporters.JUnitReportReporter -->
<testsuite skipped="0" hostname="florin" name="getRequest.GetData3" tests="5" failures="0" timestamp="17 Nov 2017 13:40:13 GMT" time="1.759" errors="0">
  <testcase name="testResponseCode" time="1.291" classname="getRequest.GetData3"/>
  <testcase name="testBody" time="0.216" classname="getRequest.GetData3"/>
  <testcase name="testGet" time="0.075" classname="getRequest.GetData3"/>
  <testcase name="testStatusCode1" time="0.073" classname="getRequest.GetData3"/>
  <testcase name="testStatusCode2" time="0.104" classname="getRequest.GetData3"/>
</testsuite> <!-- getRequest.GetData3 -->
