<?xml version="1.0" encoding="UTF-8"?>
<!-- Generated by org.testng.reporters.JUnitReportReporter -->
<testsuite skipped="0" hostname="florin" name="getRequest.GetData2" tests="2" failures="0" timestamp="13 Oct 2017 09:19:15 GMT" time="1.393" errors="0">
  <testcase name="testBody" time="1.313" classname="getRequest.GetData2"/>
  <testcase name="testResponseCode" time="0.080" classname="getRequest.GetData2"/>
</testsuite> <!-- getRequest.GetData2 -->
